25/01/2012 19:02:34 :: Scarface_scena_Il_litigio_tra_Elvira_e_Tony_al_ris - 
25/01/2012 19:03:28 :: Deborah Harry - Rush Rush - Scarface
25/01/2012 19:06:29 :: Amy Holland - She's on Fire - Scarface
25/01/2012 19:16:26 :: Scarface Trailer HD (1983) - 
25/01/2012 19:26:33 :: E.G. Daily - I'm Hot Tonight - Scarface
25/01/2012 19:34:16 :: Giorgio Moroder - Tony's Theme - Scarface
25/01/2012 19:40:34 :: scarfuck - 
25/01/2012 19:49:53 :: E.G. Daily - Shake It Up - Scarface
25/01/2012 19:57:47 :: Beth Andersen - Dance Dance Dance - Scarface
25/01/2012 20:13:56 :: _20-06-41 - 
25/01/2012 21:32:29 :: Pippo - Sigla Stereoeffects - Power Chords
25/01/2012 21:32:37 :: Led Zeppelin - Babe I'm Gonna Leave You - Led Zeppelin
25/01/2012 21:33:09 :: Motley Crue - Smokin' in the Boys Room - Greatest Hits
25/01/2012 21:36:33 :: Ozzy Osbourne - Crazy Train - The Ozzman Cometh
25/01/2012 21:38:45 :: Litfiba - El Diablo - Colpo Di Coda
25/01/2012 21:43:01 :: Slash - By the Sword (feat. Andrew Stockdale) - Slash
25/01/2012 21:45:52 :: Locanda delle Fate - Stanotte Dio Che Cosa Fa - Homo Homini Lupus
25/01/2012 21:51:35 :: Red Hot Chili Peppers - Apache Rose Peacock - Blood Sugar Sex Magik
25/01/2012 21:55:57 :: Skid Row - Monkey Business - Slave To The Grind
25/01/2012 22:00:13 :: System Of A Down - Toxicity (version 7.0) - Toxicity
25/01/2012 22:02:11 :: Lenny Kravitz - Mr.Cab Driver - Greatest Hits
25/01/2012 22:05:56 :: iene1 - 
25/01/2012 22:06:42 :: Rob Zombie - Dragula - Hellbilly Deluxe
25/01/2012 22:08:03 :: Chuck Berry - Memphis Tennessee - Memphis Tennessee
25/01/2012 22:10:10 :: Ozzy Osbourne - Crazy Train - The Ozzman Cometh
25/01/2012 22:13:52 :: Red Hot Chili Peppers - Walkabout - One Hot Minute
25/01/2012 22:15:15 :: Sonata_Arctica_Kingdom_For_a_Heart - 
25/01/2012 22:18:59 :: AC/DC - Rock and Roll Ain't Noise Pollution - Back in Black
25/01/2012 22:21:20 :: Pink Floyd - Hey You - Echoes: The Best of Pink Floyd
25/01/2012 22:25:53 :: Led Zeppelin - Babe I'm Gonna Leave You - Led Zeppelin
25/01/2012 22:28:14 :: Iron Maiden - The Number Of The Beast - The Number Of The Beast
25/01/2012 22:32:58 :: blues2 - 
25/01/2012 22:33:08 :: Lynyrd Skynyrd - Sweet Home Alabama - Second Helping
25/01/2012 22:36:50 :: Pearl Jam - The End - Backspace
25/01/2012 22:39:44 :: Lenny Kravitz - Are You Gonna Go My Way - Greatest Hits
25/01/2012 22:41:29 :: Bryan Adams - Summer of '69 - The Best of Me
25/01/2012 22:44:52 :: Metallica - Enter Sandman - Metallica
25/01/2012 22:46:56 :: Motorhead - Rock Out - Motorizer
25/01/2012 22:49:01 :: Alice in Chains - Man in the Box - Facelift
25/01/2012 22:50:55 :: Bob Marley & The Wailers - Exodus - Legend
25/01/2012 22:58:27 :: Motley Crue - Smokin' in the Boys Room - Greatest Hits
25/01/2012 23:01:53 :: Anthrax - Indians - Among the Living
25/01/2012 23:07:33 :: Chuck Berry - Memphis Tennessee - Memphis Tennessee
25/01/2012 23:09:39 :: Creedence Clearwater Revival - Run Through The Jungle - Forever - 36 Greatest Hits: Di
25/01/2012 23:12:43 :: Iron Maiden - The Number Of The Beast - The Number Of The Beast
25/01/2012 23:17:32 :: Litfiba - El Diablo - Colpo Di Coda
25/01/2012 23:22:00 :: Locanda delle Fate - Stanotte Dio Che Cosa Fa - Homo Homini Lupus
25/01/2012 23:27:51 :: Skid Row - Monkey Business - Slave To The Grind
25/01/2012 23:32:10 :: Motorhead - Rock Out - Motorizer
25/01/2012 23:34:17 :: Lenny Kravitz - Mr.Cab Driver - Greatest Hits
25/01/2012 23:38:07 :: Pearl Jam - The End - Backspace
25/01/2012 23:41:00 :: Sonata_Arctica_Kingdom_For_a_Heart - 
25/01/2012 23:54:49 :: Underworld - Simple Peal - Barking
25/01/2012 23:57:09 :: Bright Eyes - Lua - Lua
25/01/2012 23:58:12 :: Au Revoir Simone - Take Me as I Am - Still Night, Still Light
25/01/2012 23:58:44 :: Scisma - L'amour - Armstrong
25/01/2012 23:58:46 :: Sun Kil Moon - Tonight the Sky (alternate version) - April (bonus disc)
25/01/2012 23:58:56 :: ...And You Will Know Us by the Trail of Dead - How Near How Far - Source Tags & Codes
25/01/2012 23:59:29 :: Sun Kil Moon - Tonight the Sky (alternate version) - April (bonus disc)
25/01/2012 23:59:31 :: Explosions in the Sky - First Breath After Coma - The Earth Is Not a Cold Dead Place
25/01/2012 23:59:39 :: Codes in the Clouds - Fractures - Paper Canyon
26/01/2012 00:00:00 :: Entertainment for the Braindead - Patience - Roadkill
26/01/2012 00:00:14 :: Squarepusher - Iambic 9 Poetry - Ultravisitor
26/01/2012 00:00:17 :: Telefon Tel Aviv - M - Immolate Yourself
26/01/2012 00:00:28 :: The Smashing Pumpkins - Try, Try, Try - MACHINA/the machines of God
26/01/2012 00:00:33 :: Thievery Corporation - The Foundation - Sounds From the Thievery Hi-Fi
26/01/2012 00:02:06 :: Underworld - Simple Peal - Barking
26/01/2012 00:03:04 :: Van Morrison - Astral Weeks - Astral Weeks
26/01/2012 00:03:08 :: Underworld - Simple Peal - Barking
26/01/2012 00:07:29 :: Van Morrison - Astral Weeks - Astral Weeks
26/01/2012 00:14:31 :: Au Revoir Simone - Take Me as I Am - Still Night, Still Light
26/01/2012 00:16:53 :: Kaki King - You Don't Have to Be Afraid - …Until We Felt Red
26/01/2012 00:25:01 :: Sun Kil Moon - Tonight the Sky (alternate version) - April (bonus disc)
26/01/2012 00:32:35 :: Entertainment for the Braindead - Patience - Roadkill
26/01/2012 00:37:16 :: Codes in the Clouds - Fractures - Paper Canyon
26/01/2012 00:42:34 :: Scisma - L'amour - Armstrong
26/01/2012 00:46:28 :: Explosions in the Sky - First Breath After Coma - The Earth Is Not a Cold Dead Place
26/01/2012 00:56:01 :: Squarepusher - Iambic 9 Poetry - Ultravisitor
26/01/2012 01:02:56 :: Trentemøller - ...Even Though Youre With Another Girl (alternative instrumental version) - ...Even Though You're With Another Girl
26/01/2012 01:08:01 :: The Smashing Pumpkins - Try, Try, Try - MACHINA/the machines of God
26/01/2012 01:13:09 :: Telefon Tel Aviv - M - Immolate Yourself
26/01/2012 01:44:21 :: Tori Amos - Little Earthquakes - Little Earthquakes
